<?xml version="1.0" encoding="UTF-8"?>
<!-- Generated by org.testng.reporters.JUnitReportReporter -->
<testsuite skipped="0" hostname="DESKTOP-N0CUBC9" name="TestGoogleScript.test_google" tests="1" failures="0" timestamp="2021-03-19T17:03:08 AEDT" time="0.007" errors="0">
  <testcase name="testgoogle" time="0.007" classname="TestGoogleScript.test_google"/>
  <system-out/>
</testsuite> <!-- TestGoogleScript.test_google -->
